#
# A fatal error has been detected by the Java Runtime Environment:
#
#  EXCEPTION_ACCESS_VIOLATION (0xc0000005) at pc=0xffffffffa3bc5120, pid=484, tid=0x00000000000013bc
#
# JRE version: OpenJDK Runtime Environment (8.0_202-b39) (build 1.8.0_202-release-1483-b39)
# Java VM: OpenJDK 64-Bit Server VM (25.202-b39 mixed mode windows-amd64 compressed oops)
# Problematic frame:
# C  0xffffffffa3bc5120
#
# Failed to write core dump. Minidumps are not enabled by default on client versions of Windows
#
# If you would like to submit a bug report, please visit:
#   http://bugreport.java.com/bugreport/crash.jsp
#

---------------  T H R E A D  ---------------

Current thread (0x00000000029be000):  JavaThread "main" [_thread_in_Java, id=5052, stack(0x00000000029c0000,0x0000000002ac0000)]

siginfo: ExceptionCode=0xc0000005, ExceptionInformation=0x0000000000000008 0xffffffffa3bc5120

Registers:
RAX=0x0000000016cdc610, RBX=0x0000000016cdc610, RCX=0x0000000016ceff70, RDX=0x0000000000000042
RSP=0x0000000002abc4f8, RBP=0x0000000002abc590, RSI=0x0000000000000042, RDI=0x0000000000000ad0
R8 =0x0000000000000074, R9 =0x0000000000000001, R10=0x000000006a460c20, R11=0x0000000002cca4c0
R12=0x0000000000000000, R13=0x0000000002abc548, R14=0x0000000002abc610, R15=0x00000000029be000
RIP=0xffffffffa3bc5120, EFLAGS=0x0000000000010206

Top of Stack: (sp=0x0000000002abc4f8)
0x0000000002abc4f8:   0000000002cca524 0000000016dd374c
0x0000000002abc508:   0000000002abc548 0000000016dd62a0
0x0000000002abc518:   0000000000000000 0000000000000042
0x0000000002abc528:   0000000000000000 0000000002abc590
0x0000000002abc538:   0000000002bc7ae0 0000000002bc7ae0
0x0000000002abc548:   0000000000000042 0000000002abc550
0x0000000002abc558:   0000000016c46813 0000000002abc610
0x0000000002abc568:   0000000016ceff70 0000000000000000
0x0000000002abc578:   0000000016c46918 0000000002abc548
0x0000000002abc588:   0000000002abc608 0000000002abc658
0x0000000002abc598:   0000000002bc7e20 0000000000000000
0x0000000002abc5a8:   0000000000000000 0000000000000014
0x0000000002abc5b8:   0000000000000001 0000000000000042
0x0000000002abc5c8:   0000000000000074 0000000000000000
0x0000000002abc5d8:   0000000000000000 00000000d55bbcd0
0x0000000002abc5e8:   0000000000000000 00000000d59b8788 

Instructions: (pc=0xffffffffa3bc5120)
0xffffffffa3bc5100:   
[error occurred during error reporting (printing registers, top of stack, instructions near pc), id 0xc0000005]

Register to memory mapping:

RAX={method} {0x0000000016cdc618} 'toLowerCase' '(I)I' in 'java/lang/Character'
RBX={method} {0x0000000016cdc618} 'toLowerCase' '(I)I' in 'java/lang/Character'
RCX=0x0000000016ceff70 is pointing into metadata
RDX=0x0000000000000042 is an unknown value
RSP=0x0000000002abc4f8 is pointing into the stack for thread: 0x00000000029be000
RBP=0x0000000002abc590 is pointing into the stack for thread: 0x00000000029be000
RSI=0x0000000000000042 is an unknown value
RDI=0x0000000000000ad0 is an unknown value
R8 =0x0000000000000074 is an unknown value
R9 =0x0000000000000001 is an unknown value
R10=0x000000006a460c20 is an unknown value
R11=0x0000000002cca4c0 is at entry_point+0 in (nmethod*)0x0000000002cca350
R12=0x0000000000000000 is an unknown value
R13=0x0000000002abc548 is pointing into the stack for thread: 0x00000000029be000
R14=0x0000000002abc610 is pointing into the stack for thread: 0x00000000029be000
R15=0x00000000029be000 is a thread


Stack: [0x00000000029c0000,0x0000000002ac0000],  sp=0x0000000002abc4f8,  free space=1009k
Native frames: (J=compiled Java code, j=interpreted, Vv=VM code, C=native code)
C  0xffffffffa3bc5120


---------------  P R O C E S S  ---------------

Java Threads: ( => current thread )
  0x0000000017602800 JavaThread "Service Thread" daemon [_thread_blocked, id=8572, stack(0x00000000187d0000,0x00000000188d0000)]
  0x00000000175a0800 JavaThread "C1 CompilerThread1" daemon [_thread_blocked, id=7440, stack(0x00000000186d0000,0x00000000187d0000)]
  0x000000001759e800 JavaThread "C2 CompilerThread0" daemon [_thread_blocked, id=324, stack(0x00000000185d0000,0x00000000186d0000)]
  0x000000001759d000 JavaThread "Attach Listener" daemon [_thread_blocked, id=8540, stack(0x00000000184d0000,0x00000000185d0000)]
  0x0000000017598000 JavaThread "Signal Dispatcher" daemon [_thread_blocked, id=10916, stack(0x00000000183d0000,0x00000000184d0000)]
  0x0000000002bb8000 JavaThread "Finalizer" daemon [_thread_blocked, id=5312, stack(0x00000000181d0000,0x00000000182d0000)]
  0x0000000017587000 JavaThread "Reference Handler" daemon [_thread_blocked, id=11032, stack(0x00000000180d0000,0x00000000181d0000)]
=>0x00000000029be000 JavaThread "main" [_thread_in_Java, id=5052, stack(0x00000000029c0000,0x0000000002ac0000)]

Other Threads:
  0x0000000017565800 VMThread [stack: 0x0000000017fd0000,0x00000000180d0000] [id=7692]
  0x0000000017607000 WatcherThread [stack: 0x00000000188d0000,0x00000000189d0000] [id=6612]

VM state:not at safepoint (normal execution)

VM Mutex/Monitor currently owned by a thread: None

heap address: 0x0000000080000000, size: 2048 MB, Compressed Oops mode: 32-bit
Narrow klass base: 0x0000000000000000, Narrow klass shift: 3
Compressed class space size: 1073741824 Address: 0x0000000100000000

Heap:
 PSYoungGen      total 38400K, used 4690K [0x00000000d5580000, 0x00000000d8000000, 0x0000000100000000)
  eden space 33280K, 14% used [0x00000000d5580000,0x00000000d5a14a38,0x00000000d7600000)
  from space 5120K, 0% used [0x00000000d7b00000,0x00000000d7b00000,0x00000000d8000000)
  to   space 5120K, 0% used [0x00000000d7600000,0x00000000d7600000,0x00000000d7b00000)
 ParOldGen       total 87552K, used 0K [0x0000000080000000, 0x0000000085580000, 0x00000000d5580000)
  object space 87552K, 0% used [0x0000000080000000,0x0000000080000000,0x0000000085580000)
 Metaspace       used 3365K, capacity 4664K, committed 4864K, reserved 1056768K
  class space    used 367K, capacity 424K, committed 512K, reserved 1048576K

Card table byte_map: [0x0000000011f80000,0x0000000012390000] byte_map_base: 0x0000000011b80000

Marking Bits: (ParMarkBitMap*) 0x000000006a479f30
 Begin Bits: [0x0000000012840000, 0x0000000014840000)
 End Bits:   [0x0000000014840000, 0x0000000016840000)

Polling page: 0x00000000009d0000

CodeCache: size=245760Kb used=1297Kb max_used=1308Kb free=244462Kb
 bounds [0x0000000002bc0000, 0x0000000002e30000, 0x0000000011bc0000]
 total_blobs=368 nmethods=119 adapters=164
 compilation: enabled

Compilation events (10 events):
Event: 0.206 Thread 0x00000000175a0800  115       3       java.util.BitSet::checkInvariants (111 bytes)
Event: 0.206 Thread 0x00000000175a0800 nmethod 115 0x0000000002d03b90 code [0x0000000002d03ce0, 0x0000000002d03e70]
Event: 0.207 Thread 0x00000000175a0800  116       3       java.lang.StringBuilder::<init> (7 bytes)
Event: 0.207 Thread 0x00000000175a0800 nmethod 116 0x0000000002d03ed0 code [0x0000000002d04040, 0x0000000002d042f0]
Event: 0.208 Thread 0x00000000175a0800  117       3       java.nio.Buffer::clear (20 bytes)
Event: 0.208 Thread 0x000000001759e800  119       4       java.lang.CharacterData::of (120 bytes)
Event: 0.208 Thread 0x00000000175a0800 nmethod 117 0x0000000002d04410 code [0x0000000002d04560, 0x0000000002d046d0]
Event: 0.208 Thread 0x00000000175a0800  118       3       java.nio.charset.CoderResult::isError (14 bytes)
Event: 0.208 Thread 0x00000000175a0800 nmethod 118 0x0000000002d04750 code [0x0000000002d048a0, 0x0000000002d04a50]
Event: 0.208 Thread 0x000000001759e800 nmethod 119 0x0000000002d07750 code [0x0000000002d07880, 0x0000000002d078f8]

GC Heap History (0 events):
No events

Deoptimization events (0 events):
No events

Classes redefined (0 events):
No events

Internal exceptions (2 events):
Event: 0.044 Thread 0x00000000029be000 Exception <a 'java/lang/NoSuchMethodError': Method sun.misc.Unsafe.defineClass(Ljava/lang/String;[BII)Ljava/lang/Class; name or signature does not match> (0x00000000d5587cb0) thrown at [C:\BuildAgent\work\d169a5271ee8d3d2\hotspot\src\share\vm\prims\jni.cp
Event: 0.044 Thread 0x00000000029be000 Exception <a 'java/lang/NoSuchMethodError': Method sun.misc.Unsafe.prefetchRead(Ljava/lang/Object;J)V name or signature does not match> (0x00000000d5587f98) thrown at [C:\BuildAgent\work\d169a5271ee8d3d2\hotspot\src\share\vm\prims\jni.cpp, line 4012]

Events (10 events):
Event: 0.207 loading class sun/misc/URLClassPath$2
Event: 0.207 loading class sun/misc/URLClassPath$2 done
Event: 0.207 loading class java/lang/ClassLoader$2
Event: 0.207 loading class java/lang/ClassLoader$2 done
Event: 0.207 loading class sun/misc/URLClassPath$1
Event: 0.207 loading class sun/misc/URLClassPath$1 done
Event: 0.207 loading class java/net/URLClassLoader$3
Event: 0.208 loading class java/net/URLClassLoader$3 done
Event: 0.208 loading class sun/misc/CompoundEnumeration
Event: 0.208 loading class sun/misc/CompoundEnumeration done


Dynamic libraries:
0x00007ff728520000 - 0x00007ff728551000 	C:\Program Files\JetBrains\IntelliJ IDEA Community Edition 2019.1\jre64\bin\java.exe
0x00007ffc27d90000 - 0x00007ffc27f7d000 	C:\WINDOWS\SYSTEM32\ntdll.dll
0x00007ffc27970000 - 0x00007ffc27a23000 	C:\WINDOWS\System32\KERNEL32.DLL
0x00007ffc24430000 - 0x00007ffc246c3000 	C:\WINDOWS\System32\KERNELBASE.dll
0x00007ffc268d0000 - 0x00007ffc26973000 	C:\WINDOWS\System32\ADVAPI32.dll
0x00007ffc273c0000 - 0x00007ffc2745e000 	C:\WINDOWS\System32\msvcrt.dll
0x00007ffc27a30000 - 0x00007ffc27ace000 	C:\WINDOWS\System32\sechost.dll
0x00007ffc27290000 - 0x00007ffc273b2000 	C:\WINDOWS\System32\RPCRT4.dll
0x00007ffc25040000 - 0x00007ffc251d7000 	C:\WINDOWS\System32\USER32.dll
0x00007ffc24850000 - 0x00007ffc24870000 	C:\WINDOWS\System32\win32u.dll
0x00007ffc26750000 - 0x00007ffc26779000 	C:\WINDOWS\System32\GDI32.dll
0x00007ffc240a0000 - 0x00007ffc2423a000 	C:\WINDOWS\System32\gdi32full.dll
0x00007ffc24240000 - 0x00007ffc242e0000 	C:\WINDOWS\System32\msvcp_win.dll
0x00007ffc24330000 - 0x00007ffc2442a000 	C:\WINDOWS\System32\ucrtbase.dll
0x00007ffc1a320000 - 0x00007ffc1a599000 	C:\WINDOWS\WinSxS\amd64_microsoft.windows.common-controls_6595b64144ccf1df_6.0.17763.379_none_05b83be8071c94a1\COMCTL32.dll
0x00007ffc26f60000 - 0x00007ffc2728d000 	C:\WINDOWS\System32\combase.dll
0x00007ffc24780000 - 0x00007ffc247fe000 	C:\WINDOWS\System32\bcryptPrimitives.dll
0x00007ffc27460000 - 0x00007ffc2748e000 	C:\WINDOWS\System32\IMM32.DLL
0x0000000069bd0000 - 0x0000000069ca2000 	C:\Program Files\JetBrains\IntelliJ IDEA Community Edition 2019.1\jre64\bin\msvcr100.dll
0x0000000069cb0000 - 0x000000006a4f6000 	C:\Program Files\JetBrains\IntelliJ IDEA Community Edition 2019.1\jre64\bin\server\jvm.dll
0x00007ffc27ce0000 - 0x00007ffc27ce8000 	C:\WINDOWS\System32\PSAPI.DLL
0x00007ffc09a40000 - 0x00007ffc09a49000 	C:\WINDOWS\SYSTEM32\WSOCK32.dll
0x00007ffc24fc0000 - 0x00007ffc2502d000 	C:\WINDOWS\System32\WS2_32.dll
0x00007ffc20b80000 - 0x00007ffc20ba4000 	C:\WINDOWS\SYSTEM32\WINMM.dll
0x00007ffc1fac0000 - 0x00007ffc1faca000 	C:\WINDOWS\SYSTEM32\VERSION.dll
0x00007ffc20b50000 - 0x00007ffc20b7d000 	C:\WINDOWS\SYSTEM32\WINMMBASE.dll
0x00007ffc24800000 - 0x00007ffc2484a000 	C:\WINDOWS\System32\cfgmgr32.dll
0x00007ffc20680000 - 0x00007ffc2068f000 	C:\Program Files\JetBrains\IntelliJ IDEA Community Edition 2019.1\jre64\bin\verify.dll
0x00007ffc0aee0000 - 0x00007ffc0af09000 	C:\Program Files\JetBrains\IntelliJ IDEA Community Edition 2019.1\jre64\bin\java.dll
0x00007ffc19110000 - 0x00007ffc19126000 	C:\Program Files\JetBrains\IntelliJ IDEA Community Edition 2019.1\jre64\bin\zip.dll
0x00007ffc25260000 - 0x00007ffc26750000 	C:\WINDOWS\System32\SHELL32.dll
0x00007ffc278c0000 - 0x00007ffc27968000 	C:\WINDOWS\System32\shcore.dll
0x00007ffc24870000 - 0x00007ffc24fba000 	C:\WINDOWS\System32\windows.storage.dll
0x00007ffc23d90000 - 0x00007ffc23db4000 	C:\WINDOWS\System32\profapi.dll
0x00007ffc23de0000 - 0x00007ffc23e3d000 	C:\WINDOWS\System32\powrprof.dll
0x00007ffc27860000 - 0x00007ffc278b2000 	C:\WINDOWS\System32\shlwapi.dll
0x00007ffc23e40000 - 0x00007ffc23e51000 	C:\WINDOWS\System32\kernel.appcore.dll
0x00007ffc242e0000 - 0x00007ffc242f7000 	C:\WINDOWS\System32\cryptsp.dll
0x00007ffc13330000 - 0x00007ffc1351d000 	C:\WINDOWS\SYSTEM32\dbghelp.dll

VM Arguments:
java_command: org.jetbrains.git4idea.nativessh.GitNativeSshAskPassApp pk77870@shell.sis.uta.fi's password: 
java_class_path (initial): C:/Program Files/JetBrains/IntelliJ IDEA Community Edition 2019.1/plugins/git4idea/lib/git4idea-rt.jar;C:/Program Files/JetBrains/IntelliJ IDEA Community Edition 2019.1/lib/xmlrpc-2.0.1.jar;C:/Program Files/JetBrains/IntelliJ IDEA Community Edition 2019.1/lib/commons-codec-1.10.jar;C:/Program Files/JetBrains/IntelliJ IDEA Community Edition 2019.1/lib/util.jar
Launcher Type: SUN_STANDARD

Environment Variables:
PATH=C:\Program Files\Git\mingw64\libexec\git-core;C:\Program Files\Git\mingw64\bin;C:\Program Files\Git\usr\bin;C:\Users\Petri\bin;C:\Program Files (x86)\Common Files\Oracle\Java\javapath;C:\WINDOWS\system32;C:\WINDOWS;C:\WINDOWS\System32\Wbem;C:\WINDOWS\System32\WindowsPowerShell\v1.0;C:\WINDOWS\System32\OpenSSH;C:\Program Files (x86)\NVIDIA Corporation\PhysX\Common;C:\WINDOWS\system32;C:\WINDOWS;C:\WINDOWS\System32\Wbem;C:\WINDOWS\System32\WindowsPowerShell\v1.0;C:\WINDOWS\System32\OpenSSH;C:\Program Files (x86)\Genelec\GLMv3\DSP\Lib\v74\runtime\win32;C:\MinGW\bin;C:\Program Files\PuTTY;C:\Program Files\Git\cmd;C:\Users\Petri\AppData\Local\Microsoft\WindowsApps;C:\Program Files\JetBrains\IntelliJ IDEA Community Edition 2019.1\bin
USERNAME=Petri
DISPLAY=:0.0
OS=Windows_NT
PROCESSOR_IDENTIFIER=Intel64 Family 6 Model 15 Stepping 6, GenuineIntel



---------------  S Y S T E M  ---------------

OS: Windows 10.0 , 64 bit Build 17763 (10.0.17763.379)

CPU:total 2 (initial active 2) (2 cores per cpu, 1 threads per core) family 6 model 15 stepping 6, cmov, cx8, fxsr, mmx, sse, sse2, sse3, ssse3, tsc

Memory: 4k page, physical 8387104k(4144104k free), swap 9697824k(3227064k free)

vm_info: OpenJDK 64-Bit Server VM (25.202-b39) for windows-amd64 JRE (1.8.0_202-release-1483-b39), built on Mar  7 2019 22:58:46 by "builduser" with MS VC++ 10.0 (VS2010)

time: Sun Apr 07 13:18:05 2019
timezone: Suomen kesäaika
elapsed time: 0 seconds (0d 0h 0m 0s)

